<?xml version="1.0" encoding="UTF-8"?>
<!-- Generated by org.testng.reporters.JUnitReportReporter -->
<testsuite hostname="LAPTOP-L53CQVK8" failures="0" tests="1" name="TestCases.AddAddress" time="13.902" errors="0" timestamp="2023-12-30T20:39:20 IST" skipped="0">
  <testcase classname="TestCases.AddAddress" name="addAddress" time="13.902"/>
</testsuite> <!-- TestCases.AddAddress -->
