<?xml version="1.0" encoding="UTF-8"?>
<!-- Generated by org.testng.reporters.JUnitReportReporter -->
<testsuite hostname="LAPTOP-L53CQVK8" failures="0" tests="1" name="TestCases.EditAddress" time="18.061" errors="0" timestamp="2023-12-30T20:39:20 IST" skipped="0">
  <testcase classname="TestCases.EditAddress" name="editAdress" time="18.061"/>
</testsuite> <!-- TestCases.EditAddress -->
